[    0.000000] Linux version 4.15.0-123-generic (buildd@lcy01-amd64-017) (gcc version 7.5.0 (Ubuntu 7.5.0-3ubuntu1~18.04)) #126-Ubuntu SMP Wed Oct 21 09:40:11 UTC 2020 (Ubuntu 4.15.0-123.126-generic 4.15.18)
[    0.000000] Command line: BOOT_IMAGE=/boot/vmlinuz-4.15.0-123-generic root=LABEL=cloudimg-rootfs ro console=tty1 console=ttyS0
[    0.000000] KERNEL supported cpus:
[    0.000000]   Intel GenuineIntel
[    0.000000]   AMD AuthenticAMD
[    0.000000]   Centaur CentaurHauls
[    0.000000] x86/fpu: Supporting XSAVE feature 0x001: 'x87 floating point registers'
[    0.000000] x86/fpu: Supporting XSAVE feature 0x002: 'SSE registers'
[    0.000000] x86/fpu: Supporting XSAVE feature 0x004: 'AVX registers'
[    0.000000] x86/fpu: xstate_offset[2]:  576, xstate_sizes[2]:  256
[    0.000000] x86/fpu: Enabled xstate features 0x7, context size is 832 bytes, using 'standard' format.
[    0.000000] e820: BIOS-provided physical RAM map:
[    0.000000] BIOS-e820: [mem 0x0000000000000000-0x000000000009fbff] usable
[    0.000000] BIOS-e820: [mem 0x000000000009fc00-0x000000000009ffff] reserved
[    0.000000] BIOS-e820: [mem 0x00000000000f0000-0x00000000000fffff] reserved
[    0.000000] BIOS-e820: [mem 0x0000000000100000-0x000000003ffeffff] usable
[    0.000000] BIOS-e820: [mem 0x000000003fff0000-0x000000003fffffff] ACPI data
[    0.000000] BIOS-e820: [mem 0x00000000fec00000-0x00000000fec00fff] reserved
[    0.000000] BIOS-e820: [mem 0x00000000fee00000-0x00000000fee00fff] reserved
[    0.000000] BIOS-e820: [mem 0x00000000fffc0000-0x00000000ffffffff] reserved
[    0.000000] NX (Execute Disable) protection: active
[    0.000000] SMBIOS 2.5 present.
[    0.000000] DMI: innotek GmbH VirtualBox/VirtualBox, BIOS VirtualBox 12/01/2006
[    0.000000] Hypervisor detected: KVM
[    0.000000] e820: last_pfn = 0x3fff0 max_arch_pfn = 0x400000000
[    0.000000] MTRR: Disabled
[    0.000000] x86/PAT: MTRRs disabled, skipping PAT initialization too.
[    0.000000] CPU MTRRs all blank - virtualized system.
[    0.000000] x86/PAT: Configuration [0-7]: WB  WT  UC- UC  WB  WT  UC- UC  
[    0.000000] found SMP MP-table at [mem 0x0009fff0-0x0009ffff]
[    0.000000] Scanning 1 areas for low memory corruption
[    0.000000] RAMDISK: [mem 0x35a65000-0x36d29fff]
[    0.000000] ACPI: Early table checksum verification disabled
[    0.000000] ACPI: RSDP 0x00000000000E0000 000024 (v02 VBOX  )
[    0.000000] ACPI: XSDT 0x000000003FFF0030 00003C (v01 VBOX   VBOXXSDT 00000001 ASL  00000061)
[    0.000000] ACPI: FACP 0x000000003FFF00F0 0000F4 (v04 VBOX   VBOXFACP 00000001 ASL  00000061)
[    0.000000] ACPI: DSDT 0x000000003FFF0470 0021FF (v02 VBOX   VBOXBIOS 00000002 INTL 20100528)
[    0.000000] ACPI: FACS 0x000000003FFF0200 000040
[    0.000000] ACPI: FACS 0x000000003FFF0200 000040
[    0.000000] ACPI: APIC 0x000000003FFF0240 00005C (v02 VBOX   VBOXAPIC 00000001 ASL  00000061)
[    0.000000] ACPI: SSDT 0x000000003FFF02A0 0001CC (v01 VBOX   VBOXCPUT 00000002 INTL 20100528)
[    0.000000] No NUMA configuration found
[    0.000000] Faking a node at [mem 0x0000000000000000-0x000000003ffeffff]
[    0.000000] NODE_DATA(0) allocated [mem 0x3ffc5000-0x3ffeffff]
[    0.000000] kvm-clock: cpu 0, msr 0:3ff44001, primary cpu clock
[    0.000000] kvm-clock: Using msrs 4b564d01 and 4b564d00
[    0.000000] kvm-clock: using sched offset of 10988042004 cycles
[    0.000000] clocksource: kvm-clock: mask: 0xffffffffffffffff max_cycles: 0x1cd42e4dffb, max_idle_ns: 881590591483 ns
[    0.000000] Zone ranges:
[    0.000000]   DMA      [mem 0x0000000000001000-0x0000000000ffffff]
[    0.000000]   DMA32    [mem 0x0000000001000000-0x000000003ffeffff]
[    0.000000]   Normal   empty
[    0.000000]   Device   empty
[    0.000000] Movable zone start for each node
[    0.000000] Early memory node ranges
[    0.000000]   node   0: [mem 0x0000000000001000-0x000000000009efff]
[    0.000000]   node   0: [mem 0x0000000000100000-0x000000003ffeffff]
[    0.000000] Reserved but unavailable: 98 pages
[    0.000000] Initmem setup node 0 [mem 0x0000000000001000-0x000000003ffeffff]
[    0.000000] ACPI: PM-Timer IO Port: 0x4008
[    0.000000] IOAPIC[0]: apic_id 2, version 32, address 0xfec00000, GSI 0-23
[    0.000000] ACPI: INT_SRC_OVR (bus 0 bus_irq 0 global_irq 2 dfl dfl)
[    0.000000] ACPI: INT_SRC_OVR (bus 0 bus_irq 9 global_irq 9 low level)
[    0.000000] Using ACPI (MADT) for SMP configuration information
[    0.000000] smpboot: Allowing 2 CPUs, 0 hotplug CPUs
[    0.000000] PM: Registered nosave memory: [mem 0x00000000-0x00000fff]
[    0.000000] PM: Registered nosave memory: [mem 0x0009f000-0x0009ffff]
[    0.000000] PM: Registered nosave memory: [mem 0x000a0000-0x000effff]
[    0.000000] PM: Registered nosave memory: [mem 0x000f0000-0x000fffff]
[    0.000000] e820: [mem 0x40000000-0xfebfffff] available for PCI devices
[    0.000000] Booting paravirtualized kernel on KVM
[    0.000000] clocksource: refined-jiffies: mask: 0xffffffff max_cycles: 0xffffffff, max_idle_ns: 7645519600211568 ns
[    0.000000] random: get_random_bytes called from start_kernel+0x99/0x500 with crng_init=0
[    0.000000] setup_percpu: NR_CPUS:8192 nr_cpumask_bits:2 nr_cpu_ids:2 nr_node_ids:1
[    0.000000] percpu: Embedded 45 pages/cpu s147456 r8192 d28672 u1048576
[    0.000000] PV qspinlock hash table entries: 256 (order: 0, 4096 bytes)
[    0.000000] Built 1 zonelists, mobility grouping on.  Total pages: 257913
[    0.000000] Policy zone: DMA32
[    0.000000] Kernel command line: BOOT_IMAGE=/boot/vmlinuz-4.15.0-123-generic root=LABEL=cloudimg-rootfs ro console=tty1 console=ttyS0
[    0.000000] Memory: 983028K/1048120K available (12300K kernel code, 2482K rwdata, 4272K rodata, 2436K init, 2724K bss, 65092K reserved, 0K cma-reserved)
[    0.000000] SLUB: HWalign=64, Order=0-3, MinObjects=0, CPUs=2, Nodes=1
[    0.000000] Kernel/User page tables isolation: enabled
[    0.000000] ftrace: allocating 39402 entries in 154 pages
[    0.004000] Hierarchical RCU implementation.
[    0.004000] 	RCU restricting CPUs from NR_CPUS=8192 to nr_cpu_ids=2.
[    0.004000] 	Tasks RCU enabled.
[    0.004000] RCU: Adjusting geometry for rcu_fanout_leaf=16, nr_cpu_ids=2
[    0.004000] NR_IRQS: 524544, nr_irqs: 440, preallocated irqs: 16
[    0.004000] Console: colour VGA+ 80x25
[    0.004000] console [tty1] enabled
[    0.004000] console [ttyS0] enabled
[    0.004000] ACPI: Core revision 20170831
[    0.004000] ACPI: 2 ACPI AML tables successfully acquired and loaded
[    0.004000] APIC: Switch to symmetric I/O mode setup
[    0.004682] x2apic enabled
[    0.008006] Switched APIC routing to physical x2apic.
[    0.015537] ..TIMER: vector=0x30 apic1=0 pin1=2 apic2=-1 pin2=-1
[    0.016003] tsc: Detected 2494.234 MHz processor
[    0.020013] Calibrating delay loop (skipped) preset value.. 4988.46 BogoMIPS (lpj=9976936)
[    0.024003] pid_max: default: 32768 minimum: 301
[    0.028072] Security Framework initialized
[    0.032005] Yama: becoming mindful.
[    0.036042] AppArmor: AppArmor initialized
[    0.044076] Dentry cache hash table entries: 131072 (order: 8, 1048576 bytes)
[    0.048106] Inode-cache hash table entries: 65536 (order: 7, 524288 bytes)
[    0.052023] Mount-cache hash table entries: 2048 (order: 2, 16384 bytes)
[    0.053900] Mountpoint-cache hash table entries: 2048 (order: 2, 16384 bytes)
[    0.056452] Last level iTLB entries: 4KB 1024, 2MB 1024, 4MB 1024
[    0.060003] Last level dTLB entries: 4KB 1024, 2MB 1024, 4MB 1024, 1GB 4
[    0.061839] Spectre V1 : Mitigation: usercopy/swapgs barriers and __user pointer sanitization
[    0.064000] Spectre V2 : Mitigation: Full generic retpoline
[    0.064002] Spectre V2 : Spectre v2 / SpectreRSB mitigation: Filling RSB on context switch
[    0.068003] Speculative Store Bypass: Vulnerable
[    0.072068] SRBDS: Unknown: Dependent on hypervisor status
[    0.076003] MDS: Vulnerable: Clear CPU buffers attempted, no microcode
[    0.080394] Freeing SMP alternatives memory: 36K
[    0.194605] smpboot: CPU0: Intel(R) Core(TM) i7-4710HQ CPU @ 2.50GHz (family: 0x6, model: 0x3c, stepping: 0x3)
[    0.196127] Performance Events: unsupported p6 CPU model 60 no PMU driver, software events only.
[    0.200048] Hierarchical SRCU implementation.
[    0.204526] NMI watchdog: Perf event create on CPU 0 failed with -2
[    0.206309] NMI watchdog: Perf NMI watchdog permanently disabled
[    0.208088] smp: Bringing up secondary CPUs ...
[    0.212149] x86: Booting SMP configuration:
[    0.213502] .... node  #0, CPUs:      #1
[    0.004000] kvm-clock: cpu 1, msr 0:3ff44041, secondary cpu clock
[    0.220032] smp: Brought up 1 node, 2 CPUs
[    0.224010] smpboot: Max logical packages: 1
[    0.228017] smpboot: Total of 2 processors activated (9976.93 BogoMIPS)
[    0.232235] devtmpfs: initialized
[    0.236109] x86/mm: Memory block size: 128MB
[    0.238113] evm: security.selinux
[    0.240005] evm: security.SMACK64
[    0.244004] evm: security.SMACK64EXEC
[    0.248004] evm: security.SMACK64TRANSMUTE
[    0.252002] evm: security.SMACK64MMAP
[    0.256013] evm: security.apparmor
[    0.260003] evm: security.ima
[    0.260993] evm: security.capability
[    0.264209] clocksource: jiffies: mask: 0xffffffff max_cycles: 0xffffffff, max_idle_ns: 7645041785100000 ns
[    0.268013] futex hash table entries: 512 (order: 3, 32768 bytes)
[    0.276020] pinctrl core: initialized pinctrl subsystem
[    0.280187] RTC time: 22:43:46, date: 12/21/20
[    0.284280] NET: Registered protocol family 16
[    0.285841] audit: initializing netlink subsys (disabled)
[    0.288041] audit: type=2000 audit(1608590632.863:1): state=initialized audit_enabled=0 res=1
[    0.304008] cpuidle: using governor ladder
[    0.308018] cpuidle: using governor menu
[    0.312141] ACPI: bus type PCI registered
[    0.316007] acpiphp: ACPI Hot Plug PCI Controller Driver version: 0.5
[    0.320196] PCI: Using configuration type 1 for base access
[    0.326944] HugeTLB registered 2.00 MiB page size, pre-allocated 0 pages
[    0.328146] ACPI: Added _OSI(Module Device)
[    0.332009] ACPI: Added _OSI(Processor Device)
[    0.336003] ACPI: Added _OSI(3.0 _SCP Extensions)
[    0.340007] ACPI: Added _OSI(Processor Aggregator Device)
[    0.341860] ACPI: Added _OSI(Linux-Dell-Video)
[    0.344004] ACPI: Added _OSI(Linux-Lenovo-NV-HDMI-Audio)
[    0.348005] ACPI: Added _OSI(Linux-HPI-Hybrid-Graphics)
[    0.356453] ACPI: Executed 1 blocks of module-level executable AML code
[    0.374424] ACPI: Interpreter enabled
[    0.376029] ACPI: (supports S0 S5)
[    0.377121] ACPI: Using IOAPIC for interrupt routing
[    0.380686] PCI: Using host bridge windows from ACPI; if necessary, use "pci=nocrs" and report a bug
[    0.383830] ACPI: Enabled 2 GPEs in block 00 to 07
[    0.403497] ACPI: PCI Root Bridge [PCI0] (domain 0000 [bus 00-ff])
[    0.404022] acpi PNP0A03:00: _OSC: OS supports [ASPM ClockPM Segments MSI]
[    0.408079] acpi PNP0A03:00: _OSC: not requesting OS control; OS requires [ExtendedConfig ASPM ClockPM MSI]
[    0.412038] acpi PNP0A03:00: fail to add MMCONFIG information, can't access extended PCI configuration space under this bridge.
[    0.416767] PCI host bridge to bus 0000:00
[    0.420006] pci_bus 0000:00: root bus resource [io  0x0000-0x0cf7 window]
[    0.424005] pci_bus 0000:00: root bus resource [io  0x0d00-0xffff window]
[    0.428010] pci_bus 0000:00: root bus resource [mem 0x000a0000-0x000bffff window]
[    0.432009] pci_bus 0000:00: root bus resource [mem 0x40000000-0xfdffffff window]
[    0.436009] pci_bus 0000:00: root bus resource [bus 00-ff]
[    0.445348] pci 0000:00:01.1: legacy IDE quirk: reg 0x10: [io  0x01f0-0x01f7]
[    0.448017] pci 0000:00:01.1: legacy IDE quirk: reg 0x14: [io  0x03f6]
[    0.452005] pci 0000:00:01.1: legacy IDE quirk: reg 0x18: [io  0x0170-0x0177]
[    0.456005] pci 0000:00:01.1: legacy IDE quirk: reg 0x1c: [io  0x0376]
[    0.481568] pci 0000:00:07.0: quirk: [io  0x4000-0x403f] claimed by PIIX4 ACPI
[    0.484020] pci 0000:00:07.0: quirk: [io  0x4100-0x410f] claimed by PIIX4 SMB
[    0.499181] ACPI: PCI Interrupt Link [LNKA] (IRQs 5 9 10 *11)
[    0.500959] ACPI: PCI Interrupt Link [LNKB] (IRQs 5 9 *10 11)
[    0.504376] ACPI: PCI Interrupt Link [LNKC] (IRQs 5 *9 10 11)
[    0.508288] ACPI: PCI Interrupt Link [LNKD] (IRQs 5 9 10 *11)
[    0.512777] SCSI subsystem initialized
[    0.516099] pci 0000:00:02.0: vgaarb: setting as boot VGA device
[    0.520000] pci 0000:00:02.0: vgaarb: VGA device added: decodes=io+mem,owns=io+mem,locks=none
[    0.520012] pci 0000:00:02.0: vgaarb: bridge control possible
[    0.521648] vgaarb: loaded
[    0.524069] ACPI: bus type USB registered
[    0.527076] usbcore: registered new interface driver usbfs
[    0.528021] usbcore: registered new interface driver hub
[    0.532045] usbcore: registered new device driver usb
[    0.536115] EDAC MC: Ver: 3.0.0
[    0.540350] PCI: Using ACPI for IRQ routing
[    0.544444] NetLabel: Initializing
[    0.548004] NetLabel:  domain hash size = 128
[    0.552002] NetLabel:  protocols = UNLABELED CIPSOv4 CALIPSO
[    0.556031] NetLabel:  unlabeled traffic allowed by default
[    0.560230] clocksource: Switched to clocksource kvm-clock
[   0.61153] FS Disk quotas dquot_6.6.0
[    0.7646 VFS: Dqot-cache hah able entries: 512 (order 0, 4096 bytes)
[   0.97055] AppArmor: AppArmor Filesystem Enabled
[    1.040082] pnp: PnP ACPI init
[   1.043729] pnp: PnP ACPI: found 3 dvices

[    1.124718] clocsource: acpi_pm: mask: 0xffffff max_cycles: 0xffffff, max_idle_ns: 205701024 ns
[    1.194897] NET: Registered protocol family 2

[    1.196929] TCP established hash table entries: 819(order: 4, 65536 bytes)
[    1.281876] TCP bind hash table entries: 8192 (order: 5, 131072 bytes)
[    1.288032] TCP: Hash tables configured (established 8192 bind 8192)
[    1.290220] UDP hash table entries: 512 orer: 2, 16384 bytes)
[    1.358964] UDP-Lite hash table entries: 512 (order: 2, 16384 bytes)
[    1.360845] NET: Registered protocol family 1
[    1.362184] pci 0000:00:00.: imtig irct P/PCI tanfes[   .81753] pci 0000:00:01.0: Activating ISADMA ngwokaounds
[    2.144696] pci 0000:00:02.0: Video device with shadowed ROM at [mem 0x000c0000-0x000dffff]

[    2.147616] Unpacking initramfs...
[    2.797765] Freeing initrd memory: 19220K
[    2.849267] clocksource: tsc: mask: 0xffffffffffffffff max_cycles: 0x23f3f2ca2d9, max_idle_ns: 440795202126 ns
[    2.875582] platform rtc_cmos: registered platform RTC device (no PNP device found)
[    2.890822] Scanning for low memory corruption every 60 seconds
[    2.923005] Initialise system trusted keyrings
[    2.924550] Key type blacklist registered
[    2.929678] workingset: timestamp_bits=36 max_order=18 bucket_order=0
[    2.947597] zbud: loaded
[    2.949531] squashfs: version 4.0 (2009/01/31) Phillip Lougher
[    2.951562] fuse init (API version 7.26)
[    2.956536] Key type asymmetric registered
[    2.957813] Asymmetric key parser 'x509' registered
[    2.959350] Block layer SCSI generic (bsg) driver version 0.4 loaded (major 246)
[    2.961885] io scheduler noop registered
[    2.963321] io scheduler deadline registered
[    2.964729] io scheduler cfq registered (default)
[    2.966645] ACPI: AC Adapter [AC] (on-line)
[    2.969682] input: Power Button as /devices/LNXSYSTM:00/LNXPWRBN:00/input/input0
[    3.004301] ACPI: Power Button [PWRF]
[    3.005848] input: Sleep Button as /devices/LNXSYSTM:00/LNXSLPBN:00/input/input1
[    3.021218] ACPI: Sleep Button [SLPF]
[    3.024977] ACPI: Battery Slot [BAT0] (battery present)
[    3.032696] Serial: 8250/16550 driver, 32 ports, IRQ sharing enabled
[    3.062617] 00:02: ttyS0 at I/O 0x3f8 (irq = 4, base_baud = 115200) is a 16550A
[    3.069146] Linux agpgart interface v0.103
[    3.073284] loop: module loaded
[    3.083977] scsi host0: ata_piix
[    3.094983] scsi host1: ata_piix
[    3.116344] ata1: PATA max UDMA/33 cmd 0x1f0 ctl 0x3f6 bmdma 0xd000 irq 14
[    3.128651] ata2: PATA max UDMA/33 cmd 0x170 ctl 0x376 bmdma 0xd008 irq 15
[    3.148611] libphy: Fixed MDIO Bus: probed
[    3.154285] tun: Universal TUN/TAP device driver, 1.6
[    3.158070] PPP generic driver version 2.4.2
[    3.164011] ehci_hcd: USB 2.0 'Enhanced' Host Controller (EHCI) Driver
[    3.172969] ehci-pci: EHCI PCI platform driver
[    3.178220] ehci-platform: EHCI generic platform driver
[    3.179752] ohci_hcd: USB 1.1 'Open' Host Controller (OHCI) Driver
[    3.181541] ohci-pci: OHCI PCI platform driver
[    3.182910] ohci-platform: OHCI generic platform driver
[    3.184432] uhci_hcd: USB Universal Host Controller Interface driver
[    3.186451] i8042: PNP: PS/2 Controller [PNP0303:PS2K,PNP0f03:PS2M] at 0x60,0x64 irq 1,12
[    3.191484] serio: i8042 KBD port at 0x60,0x64 irq 1
[    3.193084] serio: i8042 AUX port at 0x60,0x64 irq 12
[    3.194768] mousedev: PS/2 mouse device common for all mice
[    3.220903] input: AT Translated Set 2 keyboard as /devices/platform/i8042/serio0/input/input2
[    3.233380] rtc_cmos rtc_cmos: rtc core: registered rtc_cmos as rtc0
[    3.335358] rtc_cmos rtc_cmos: alarms up to one day, 114 bytes nvram
[    3.357363] i2c /dev entries driver
[    3.358614] device-mapper: uevent: version 1.0.3
[    3.360234] device-mapper: ioctl: 4.37.0-ioctl (2017-09-20) initialised: dm-devel@redhat.com
[    3.389963] ledtrig-cpu: registered to indicate activity on CPUs
[    3.463751] NET: Registered protocol family 10
[    3.487474] Segment Routing with IPv6
[    3.493723] NET: Registered protocol family 17
[    3.497895] Key type dns_resolver registered
[    3.508948] mce: Using 0 MCE banks
[    3.530216] RAS: Correctable Errors collector initialized.
[    3.536085] sched_clock: Marking stable (3536047466, 0)->(10875028264, -7338980798)
[    3.578860] registered taskstats version 1
[    3.580156] Loading compiled-in X.509 certificates
[    3.585318] Loaded X.509 cert 'Build time autogenerated kernel key: 423d6fc95fe30468112015aeb92af84ef3acf368'
[    3.588275] zswap: loaded using pool lzo/zbud
[    3.614382] Key type big_key registered
[    3.615889] Key type trusted registered
[    3.623719] Key type encrypted registered
[    3.625231] AppArmor: AppArmor sha1 policy hashing enabled
[    3.648688] ima: No TPM chip found, activating TPM-bypass! (rc=-19)
[    3.655606] ima: Allocated hash algorithm: sha1
[    3.671271] evm: HMAC attrs: 0x1
[    3.677858]   Magic number: 0:635:755
[    3.685497] tty ttyS6: hash matches
[    3.686914] rtc_cmos rtc_cmos: setting system clock to 2020-12-21 22:43:51 UTC (1608590631)
[    3.712164] BIOS EDD facility v0.16 2004-Jun-25, 0 devices found
[    3.738921] EDD information not available.
[    3.750156] Freeing unused kernel image memory: 2436K
[    3.800720] Write protecting the kernel read-only data: 20480k
[    3.804137] Freeing unused kernel image memory: 2008K
[    3.849862] Freeing unused kernel image memory: 1872K
[    3.883456] x86/mm: Checked W+X mappings: passed, no W+X pages found.
[    3.885311] x86/mm: Checking user space page tables
[    3.918530] x86/mm: Checked W+X mappings: passed, no W+X pages found.
Loading, please wait...
starting version 237
[    4.077999] Fusion MPT base driver 3.04.20
[    4.079322] Copyright (c) 1999-2008 LSI Corporation
[    4.087254] e1000: Intel(R) PRO/1000 Network Driver - version 7.3.21-k8-NAPI
[    4.089392] e1000: Copyright (c) 1999-2006 Intel Corporation.
[    4.133796] AVX2 version of gcm_enc/dec engaged.
[    4.154208] AES CTR mode by8 optimization enabled
[    4.162622] Fusion MPT SPI Host driver 3.04.20
[    4.306354] input: ImExPS/2 Generic Explorer Mouse as /devices/platform/i8042/serio1/input/input4
[    4.613547] e1000 0000:00:03.0 eth0: (PCI:33MHz:32-bit) 02:ad:b8:da:8b:56
[    4.616893] e1000 0000:00:03.0 eth0: Intel(R) PRO/1000 Network Connection
[    4.632679] e1000 0000:00:03.0 enp0s3: renamed from eth0
[    4.695804] mptbase: ioc0: Initiating bringup
[    4.817114] ioc0: LSI53C1030 A0: Capabilities={Initiator}
[    5.091667] scsi host2: ioc0: LSI53C1030 A0, FwRev=00000000h, Ports=1, MaxQ=256, IRQ=20
[    5.293217] scsi 2:0:0:0: Direct-Access     VBOX     HARDDISK         1.0  PQ: 0 ANSI: 5
[    5.689620] scsi target2:0:0: Beginning Domain Validation
[    5.880325] scsi target2:0:0: Domain Validation skipping write tests
[    7.111826] scsi target2:0:0: Ending Domain Validation
[    7.113931] scsi target2:0:0: asynchronous
[    8.046667] scsi 2:0:1:0: Direct-Access     VBOX     HARDDISK         1.0  PQ: 0 ANSI: 5
[    8.138104] scsi target2:0:1: Beginning Domain Validation
[    9.146773] random: fast init done
[    9.149562] scsi target2:0:1: Domain Validation skipping write tests
[    9.151406] scsi target2:0:1: Ending Domain Validation
[    9.153009] scsi target2:0:1: asynchronous
[    9.160864] random: systemd-udevd: uninitialized urandom read (16 bytes read)
[    9.223226] sd 2:0:0:0: Attached scsi generic sg0 type 0
[    9.223536] sd 2:0:0:0: [sda] 20971520 512-byte logical blocks: (10.7 GB/10.0 GiB)
[    9.236136] random: systemd-udevd: uninitialized urandom read (16 bytes read)
[    9.245552] sd 2:0:0:0: [sda] Write Protect is off
[    9.257022] random: systemd-udevd: uninitialized urandom read (16 bytes read)
[    9.277563] sd 2:0:1:0: Attached scsi generic sg1 type 0
[    9.277697] sd 2:0:0:0: [sda] Incomplete mode parameter data
[    9.285377] sd 2:0:0:0: [sda] Assuming drive cache: write through
[    9.293488] sd 2:0:1:0: [sdb] 20480 512-byte logical blocks: (10.5 MB/10.0 MiB)
[    9.299088] sd 2:0:1:0: [sdb] Write Protect is off
[    9.300774] sd 2:0:1:0: [sdb] Incomplete mode parameter data
[    9.308136] sd 2:0:1:0: [sdb] Assuming drive cache: write through
[    9.461033]  sda: sda1
[    9.670717] sd 2:0:0:0: [sda] Attached SCSI disk
[   11.530464] sd 2:0:1:0: [sdb] Attached SCSI disk
Begin: Loading essential drivers ... [   15.052813] raid6: sse2x1   gen()  2808 MB/s
[   15.116271] raid6: sse2x1   xor()  1808 MB/s
[   15.180684] raid6: sse2x2   gen()  6540 MB/s
[   15.228282] raid6: sse2x2   xor()  2910 MB/s
[   15.276358] raid6: sse2x4   gen()  6643 MB/s
[   15.364264] raid6: sse2x4   xor()  4039 MB/s
[   15.420027] raid6: avx2x1   gen()  5519 MB/s
[   15.488293] raid6: avx2x1   xor()  2978 MB/s
[   15.544033] raid6: avx2x2   gen() 10171 MB/s
[   15.608303] raid6: avx2x2   xor()  5709 MB/s
[   15.668855] raid6: avx2x4   gen() 14140 MB/s
[   15.728451] raid6: avx2x4   xor()  7962 MB/s
[   15.743409] raid6: using algorithm avx2x4 gen() 14140 MB/s
[   15.771911] raid6: .... xor() 7962 MB/s, rmw enabled
[   15.773719] raid6: using avx2x2 recovery algorithm
[   15.787523] xor: automatically using best checksumming function   avx       
[   15.796359] async_tx: api initialized (async)
done.
Begin: Running /scripts/init-premount ... done.
Begin: Mounting root file system ... Begin: Running /scripts/local-top ... done.
Begin: Running /scripts/local-premount ... [   15.894780] Btrfs loaded, crc32c=crc32c-intel
Scanning for Btrfs filesystems
done.
Warning: fsck not present, so skipping root file system
[   16.028375] EXT4-fs (sda1): mounted filesystem with ordered data mode. Opts: (null)
done.
Begin: Running /scripts/local-bottom ... done.
Begin: Running /scripts/init-bottom ... done.
[   17.071890] random: crng init done
[   17.073055] random: 7 urandom warning(s) missed due to ratelimiting
[   17.568198] ip_tables: (C) 2000-2006 Netfilter Core Team
[   17.782503] systemd[1]: systemd 237 running in system mode. (+PAM +AUDIT +SELINUX +IMA +APPARMOR +SMACK +SYSVINIT +UTMP +LIBCRYPTSETUP +GCRYPT +GNUTLS +ACL +XZ +LZ4 +SECCOMP +BLKID +ELFUTILS +KMOD -IDN2 +IDN -PCRE2 default-hierarchy=hybrid)
[   18.473906] systemd[1]: Detected virtualization oracle.
[   18.530420] systemd[1]: Detected architecture x86-64.

Welcome to [1mUbuntu 18.04.5 LTS[0m!

[   18.685913] systemd[1]: Set hostname to <ubuntu>.
[   18.908343] systemd[1]: Initializing machine ID from random generator.
[   18.910254] systemd[1]: Installed transient /etc/machine-id file.
[   20.433060] systemd[1]: Reached target System Time Synchronized.
[[0;32m  OK  [0m] Reached target System Time Synchronized.
[   20.437879] systemd[1]: Set up automount Arbitrary Executable File Formats File System Automount Point.
[[0;32m  OK  [0m] Set up automount Arbitrary Executab…rmats File System Automount Point.
[   20.442078] systemd[1]: Reached target User and Group Name Lookups.
[[0;32m  OK  [0m] Reached target User and Group Name Lookups.
[   20.444926] systemd[1]: Reached target Swap.
[[0;32m  OK  [0m] Reached target Swap.
[[0;32m  OK  [0m] Created slice System Slice.
[[0;32m  OK  [0m] Listening on LVM2 poll daemon socket.
[[0;32m  OK  [0m] Listening on udev Control Socket.
[[0;32m  OK  [0m] Listening on LVM2 metadata daemon socket.
[[0;32m  OK  [0m] Listening on /dev/initctl Compatibility Named Pipe.
[[0;32m  OK  [0m] Listening on Journal Socket.
         Starting Set the console keyboard layout...
         Starting Load Kernel Modules...
[[0;32m  OK  [0m] Listening on Network Service Netlink Socket.
         Mounting POSIX Message Queue File System...
[   20.617723] Loading iSCSI transport class v2.0-870.
[[0;32m  OK  [0m] Listening on Device-mapper event daemon FIFOs.
[[0;32m  OK  [0m] Listening on Journal Audit Socket.
         Starting Monitoring of LVM2 mirrors…ng dmeventd or progress polling...
         Starting Create list of required st…ce nodes for the current kernel...
[[0;32m  OK  [0m] Listening on Journal Socket (/dev/log).
         Mounting Huge Pages File System...
         Starting Uncomplicated firewall...
[[0;32m  OK  [0m] Created slice system-serial\x2dgetty.slice.
[[0;32m  OK  [0m] Created slic[   20.704079] iscsi: registered transport (tcp)
e User and Session Slice.
[[0;32m  OK  [0m] Reached target Slices.
[[0;32m  OK  [0m] Listening on udev Kernel Socket.
         Starting udev Coldplug all Devices...
[[0;32m  OK  [0m] Listening on Syslog Socket.
         Starting Journal Service...
         Mounting Kernel Debug File System...
         Starting Remount Root and Kernel File Systems...
[[0;32m  OK  [0m] Started Forward Password Requests to Wall Directory Watch.
[[0;32m  OK  [0m] Mounted POSIX Message Queue File System.
[[0;32m  OK  [0m] Started Create list of required sta…vice nodes for the current kernel.
[[0;32m  OK  [0m] Mounted Huge Pages File System.
[[0;32m  OK  [0m] Started Uncomplicated firewall.
[[0;32m  OK  [0m] Mounted Kernel Debug File System.
         Starting Create Static Device Nodes in /dev...
[[0;32m  OK  [0m] Started Journal Service.
[[0;32m  OK  [0m] Started udev Coldplug all Devices.
[[0;32m  OK  [0m] Started LVM2 metadata daemon.
[   21.190852] iscsi: registered transport (iser)
[[0;32m  OK  [0m] Started Load Kernel Modules.
         Mounting FUSE Control File System...
         Starting Apply Kernel Variables...
         Mounting Kernel Configuration File System...
[[0;32m  OK  [0m] Mounted FUSE Control File System.
[[0;32m  OK  [0m] Mounted Kernel Configuration File System.
[   21.324265] EXT4-fs (sda1): re-mounted. Opts: (null)
[[0;32m  OK  [0m] Started Remount Root and Kernel File Systems.
         Starting Flush Journal to Persistent Storage...
         Starting Load/Save Random Seed...
[[0;32m  OK  [0m] Started Monitoring of LVM2 mirrors,…sing dmeventd or progress polling.
[[0;32m  OK  [0m] Started Create Static Device Nodes in /dev.
         Starting udev Kernel Device Manager...
[[0;32m  OK  [0m] Started Apply Kernel Variables.
[[0;32m  OK  [0m] Started Set the console keyboard layout.
[[0;32m  OK  [0m] Reached target Local File Systems (Pre).
[[0;32m  OK  [0m] Reached target Local File Systems.
         Starting Commit a transient machine-id on disk...
         Starting Set console font and keymap...
         Starting Tell Plymouth To Write Out Runtime Data...
         Starting ebtables ruleset management...
         Starting AppArmor initialization...
[[0;32m  OK  [0m] Started Load/Save Random Seed.
[[0;32m  OK  [0m] Started Flush Journal to Persistent Storage.
[[0;32m  OK  [0m] Started Set console font and keymap.
[[0;32m  OK  [0m] Started Tell Plymouth To Write Out Runtime Data.
         Starting Create Volatile Files and Directories...
[[0;32m  OK  [0m] Started Commit a transient machine-id on disk.
[[0;32m  OK  [0m] Started udev Kernel Device Manager.
[[0;32m  OK  [0m] Started Dispatch Password Requests to Console Directory Watch.
[[0;32m  OK  [0m] Reached target Local Encrypted Volumes.
[[0;32m  OK  [0m] Started Create Volatile Files and Directories.
         Starting Update UTMP about System Boot/Shutdown...
[[0;32m  OK  [0m] Started Update UTMP about System Boot/Shutdown.
[[0;32m  OK  [0m] Started ebtables ruleset management.
[[0;32m  OK  [0m] Found device /dev/ttyS0.
[[0;32m  OK  [0m] Listening on Load/Save RF Kill Switch Status /dev/rfkill Watch.
[[0;32m  OK  [0m] Started AppArmor initialization.
         Starting Load AppArmor profiles managed internally by snapd...
         Starting Initial cloud-init job (pre-networking)...
[[0;32m  OK  [0m] Started Load AppArmor profiles managed internally by snapd.
[   31.638213] cloud-init[577]: Cloud-init v. 20.3-2-g371b392c-0ubuntu1~18.04.1 running 'init-local' at Mon, 21 Dec 2020 22:44:18 +0000. Up 30.39 seconds.
[[0;32m  OK  [0m] Started Initial cloud-init job (pre-networking).
[[0;32m  OK  [0m] Reached target Network (Pre).
         Starting Network Service...
[[0;32m  OK  [0m] Started Network Service.
         Starting Wait for Network to be Configured...
         Starting Network Name Resolution...
[[0;32m  OK  [0m] Started Network Name Resolution.
[[0;32m  OK  [0m] Reached target Network.
[[0;32m  OK  [0m] Reached target Host and Network Name Lookups.
[[0;32m  OK  [0m] Started Wait for Network to be Configured.
         Starting Initial cloud-init job (metadata service crawler)...
[   34.642034] cloud-init[700]: Cloud-init v. 20.3-2-g371b392c-0ubuntu1~18.04.1 running 'init' at Mon, 21 Dec 2020 22:44:22 +0000. Up 34.26 seconds.
[   34.688214] cloud-init[700]: ci-info: ++++++++++++++++++++++++++++++++++++++Net device info++++++++++++++++++++++++++++++++++++++
[   34.708244] cloud-init[700]: ci-info: +--------+------+----------------------------+---------------+--------+-------------------+
[   34.726338] cloud-init[700]: ci-info: | Device |  Up  |          Address           |      Mask     | Scope  |     Hw-Address    |
[   34.736487] cloud-init[700]: ci-info: +--------+------+----------------------------+---------------+--------+-------------------+
[   34.747027] cloud-init[700]: ci-info: | enp0s3 | True |         10.0.2.15          | 255.255.255.0 | global | 02:ad:b8:da:8b:56 |
[   34.749178] cloud-init[700]: ci-info: | enp0s3 | True | fe80::ad:b8ff:feda:8b56/64 |       .       |  link  | 02:ad:b8:da:8b:56 |
[   34.797322] cloud-init[700]: ci-info: |   lo   | True |         127.0.0.1          |   255.0.0.0   |  host  |         .         |
[   34.816967] cloud-init[700]: ci-info: |   lo   | True |          ::1/128           |       .       |  host  |         .         |
[   34.848686] cloud-init[700]: ci-info: +--------+------+----------------------------+---------------+--------+-------------------+
[   34.859381] cloud-init[700]: ci-info: ++++++++++++++++++++++++++++Route IPv4 info+++++++++++++++++++++++++++++
[   34.861401] cloud-init[700]: ci-info: +-------+-------------+----------+-----------------+-----------+-------+
[   34.867935] cloud-init[700]: ci-info: | Route | Destination | Gateway  |     Genmask     | Interface | Flags |
[   34.871907] cloud-init[700]: ci-info: +-------+-------------+----------+-----------------+-----------+-------+
[   34.874131] cloud-init[700]: ci-info: |   0   |   0.0.0.0   | 10.0.2.2 |     0.0.0.0     |   enp0s3  |   UG  |
[   34.876263] cloud-init[700]: ci-info: |   1   |   10.0.2.0  | 0.0.0.0  |  255.255.255.0  |   enp0s3  |   U   |
[   34.884300] cloud-init[700]: ci-info: |   2   |   10.0.2.2  | 0.0.0.0  | 255.255.255.255 |   enp0s3  |   UH  |
[   34.887773] cloud-init[700]: ci-info: +-------+-------------+----------+-----------------+-----------+-------+
[   34.889984] cloud-init[700]: ci-info: +++++++++++++++++++Route IPv6 info+++++++++++++++++++
[   34.891622] cloud-init[700]: ci-info: +-------+-------------+---------+-----------+-------+
[   34.893225] cloud-init[700]: ci-info: | Route | Destination | Gateway | Interface | Flags |
[   34.895058] cloud-init[700]: ci-info: +-------+-------------+---------+-----------+-------+
[   34.908720] cloud-init[700]: ci-info: |   1   |  fe80::/64  |    ::   |   enp0s3  |   U   |
[   34.941077] cloud-init[700]: ci-info: |   3   |    local    |    ::   |   enp0s3  |   U   |
[   34.972208] cloud-init[700]: ci-info: |   4   |   ff00::/8  |    ::   |   enp0s3  |   U   |
[   34.976792] cloud-init[700]: ci-info: +-------+-------------+---------+-----------+-------+
[   36.491847] cloud-init[700]: Generating public/private rsa key pair.
[   36.504362] cloud-init[700]: Your identification has been saved in /etc/ssh/ssh_host_rsa_key.
[   36.512867] cloud-init[700]: Your public key has been saved in /etc/ssh/ssh_host_rsa_key.pub.
[   36.532442] cloud-init[700]: The key fingerprint is:
[   36.552470] cloud-init[700]: SHA256:Tx8G7cLiaB7HdK3sW85/Z1zkKM0KHyfXhltpxfjjENI root@ubuntu-bionic
[   36.558423] cloud-init[700]: The key's randomart image is:
[   36.572483] cloud-init[700]: +---[RSA 2048]----+
[   36.574950] cloud-init[700]: |                 |
[   36.576191] cloud-init[700]: |           .     |
[   36.577405] cloud-init[700]: |          . o  o |
[[   36.583654] cloud-init[700]: |         . = E. +|
[   36.583830] cloud-init[700]: |        S = *o.Bo|
[   36.584489] cloud-init[700]: |       = *.=+oB+B|
[   36.584823] cloud-init[700]: |      + + +ooB+=o|
[   36.585093] cloud-init[700]: |     o o . +o ..=|
[   36.585378] cloud-init[700]: |      .   o.o..o.|
[   36.585638] cloud-init[700]: +----[SHA256]-----+
[   36.585897] cloud-init[700]: Generating public/private dsa key pair.
[   36.586168] cloud-init[700]: Your identification has been saved in /etc/ssh/ssh_host_dsa_key.
[   36.587013] cloud-init[700]: Your public key has been saved in /etc/ssh/ssh_host_dsa_key.pub.
[   36.587440] cloud-init[700]: The key fingerprint is:
[   36.587862] cloud-init[700]: SHA256:dmW0LMLhPiM6lq4xxtcnf/oOMPL1XiIzXfk2djXLuUs root@ubuntu-bionic
[   36.588663] cloud-init[700]: The key's randomart image is:
[   36.589051] cloud-init[700]: +---[DSA 1024]----+
[   36.589501] cloud-init[700]: |        .   .    |
[   36.589933] cloud-init[700]: |       o . o .   |
[   36.590384] cloud-init[700]: |        + . =    |
[0;32m  OK  [0m] Started Initial cloud-init job (metadata service crawler).
[   36.591319] cloud-init[700]: |       . . + .   |
[[0;32m  OK  [0m[   36.675647] ] cloud-initReached target Network is Online.[700]: 
|    . + S . o  ..|
[   36.708724] cloud-init[700]: | .   * * * . .. =|
[   36.724292] cloud-init[700]: |  = * + * + . =E.|
[   36.748837] cloud-init[700]: | . * . + *.o o.o.|
[   36.770318] cloud-init[700]: |  ...   o=+    o.|
[   36.801778] cloud-init[700]: +----[SHA256]-----+
[   36.828795] cloud-init[700]: Generating public/private ecdsa key pair.
[   36.831671] cloud-init[700]: Your identification has been saved in /etc/ssh/ssh_host_ecdsa_key.
[   36.834889] cloud-init[700]: Your public key has been saved in /etc/ssh/ssh_host_ecdsa_key.pub.
         [   36.849333] cloud-init[700]: The key fingerprint is:
[   36.849797] cloud-init[700]: SHA256:P5jNVSh13vt2oteAB1RJlIBNtpWOs/aYJR0Zt9K087Q root@ubuntu-bionic
Starting Availability of block devices...
[   36.850163] cloud-init[700]: The key's randomart image is:
[[   36.928384] cloud-init[700]: +---[ECDSA 256]---+
[   36.928590] cloud-init[700]: |           +==*+ |
[   36.929003] cloud-init[700]: |          .oo*=o.|
[0;32m  OK  [0m] Reached target Remote File Systems (Pre).
[   36.929847] cloud-init[700]: |          ..oo=++|
[[   36.949365] cloud-init[700]: |           .+o+=o|
[   36.949568] cloud-init[700]: |        S   .*.++|
[0;32m  OK  [0m] Reached target Remote File Systems.
[   36.949810] cloud-init[700]: |         * .= =Eo|
[   36.997951] cloud-init[700]: |        o =. B.o+|
[[0;32m  OK  [0m] Reached target Cloud-config availability.
[   36.998262] cloud-init[700]: |           .o.ooo|
[[   37.009115] cloud-init[700]: |            ..   |
[   37.009258] cloud-init[700]: +----[SHA256]-----+
[   37.010108] cloud-init[700]: Generating public/private ed25519 key pair.
[0;32m  OK  [0m] Reached target System Initialization.
[   37.010394] cloud-init[700]: Your identification has been saved in /etc/ssh/ssh_host_ed25519_key.
[[   37.029519] cloud-init[700]: Your public key has been saved in /etc/ssh/ssh_host_ed25519_key.pub.
[   37.029717] cloud-init[700]: The key fingerprint is:
[0;32m  OK  [0m] Listening on ACPID Listen Socket.
[   37.030519] cloud-init[700]: SHA256:ehO/KBHp6FzMbc/r8MLSJdRSun/0LzFD3iWFinCPKbM root@ubuntu-bionic
[[   37.100904] cloud-init[700]: The key's randomart image is:
[   37.101094] cloud-init[700]: +--[ED25519 256]--+
[0;32m  OK  [0m] Listening on D-Bus System Message Bus Socket.
[   37.101319] cloud-init[700]: |               . |
[[   37.181469] cloud-init[700]: |        . o   . .|
[   37.181706] cloud-init[700]: |       . * = . . |
[   37.181963] cloud-init[700]: |      o * = o o .|
[0;32m  OK  [0m] Listening on UUID daemon activation socket.
[   37.182549] cloud-init[700]: |     = +S*   o o.|
[[   37.213466] cloud-init[700]: |    . *.Eo. . = .|
[   37.213709] cloud-init[700]: |   o ..=+*.. . + |
[   37.214569] cloud-init[700]: |    o o.+=+.. o  |
[   37.215435] cloud-init[700]: |       o.o=o   o.|
[0;32m  OK  [0m] Started Daily apt download activities.
[   37.215697] cloud-init[700]: +----[SHA256]-----+
[[0;32m  OK  [0m] Started Discard unused blocks once a week.
[[0;32m  OK  [0m] Started ACPI Events Check.
[[0;32m  OK  [0m] Reached target Paths.
[[0;32m  OK  [0m] Listening on Open-iSCSI iscsid Socket.
         Starting LXD - unix socket.
[[0;32m  OK  [0m] Started Daily Cleanup of Temporary Directories.
[[0;32m  OK  [0m] Started Daily apt upgrade and clean activities.
[[0;32m  OK  [0m] Started Message of the Day.
[[0;32m  OK  [0m] Reached target Timers.
         Starting Socket activation for snappy daemon.
[[0;32m  OK  [0m] Started Availability of block devices.
[[0;32m  OK  [0m] Listening on LXD - unix socket.
[[0;32m  OK  [0m] Listening on Socket activation for snappy daemon.
[[0;32m  OK  [0m] Reached target Sockets.
[[0;32m  OK  [0m] Reached target Basic System.
         Starting Virtualbox guest utils...
         Starting Pollinate to seed the pseudo random number generator...
[[0;32m  OK  [0m] Started D-Bus System Message Bus.
         Starting Login Service...
         Starting Accounts Service...
         Starting System Logging Service...
[[0;32m  OK  [0m] Started FUSE filesystem for LXC.
         Starting Permit User Sessions...
         Starting Dispatcher daemon for systemd-networkd...
[[0;32m  OK  [0m] Started Regular background program processing daemon.
[[0;32m  OK  [0m] Started irqbalance daemon.
         Starting Snap Daemon...
         Starting LSB: automatic crash report generation...
         Starting LSB: Record successful boot for GRUB...
         Starting LXD - container startup/shutdown...
[[0;32m  OK  [0m] Started Deferred execution scheduler.
[[0;32m  OK  [0m] Started System Logging Service.
[[0;32m  OK  [0m] Started Permit User Sessions.
[[0;32m  OK  [0m] Started Login Service.
         Starting Authorization Manager...
[[0;32m  OK  [0m] Started Unattended Upgrades Shutdown.
         Starting Hold until boot process finishes up...
         Starting Terminate Plymouth Boot Screen...
[[0;32m  OK  [0m] Started Hold until boot process finishes up.
[[0;32m  OK  [0m] Started Terminate Plymouth Boot Screen.
         Starting Set console scheme...
[[0;32m  OK  [0m] Started Serial Getty on ttyS0.
[[0;32m  OK  [0m] Started Set console scheme.
[[0;32m  OK  [0m] Started LSB: automatic crash report generation.
[[0;32m  OK  [0m] Created slice system-getty.slice.
[[0;32m  OK  [0m] Started Getty on tty1.
[[0;32m  OK  [0m] Reached target Login Prompts.
[[0;32m  OK  [0m] Started LSB: Record successful boot for GRUB.
[[0;32m  OK  [0m] Started Authorization Manager.
[[0;32m  OK  [0m] Started Accounts Service.
[[0;32m  OK  [0m] Started Virtualbox guest utils.
[[0;32m  OK  [0m] Started Dispatcher daemon for systemd-networkd.
[[0;32m  OK  [0m] Started LXD - container startup/shutdown.

Ubuntu 18.04.5 LTS ubuntu-bionic ttyS0

ubuntu-bionic login: [   59.330115] cloud-init[1427]: Cloud-init v. 20.3-2-g371b392c-0ubuntu1~18.04.1 running 'modules:config' at Mon, 21 Dec 2020 22:44:42 +0000. Up 55.09 seconds.
ci-info: no authorized SSH keys fingerprints found for user ubuntu.
<14>Dec 21 22:44:48 ec2: 
<14>Dec 21 22:44:48 ec2: #############################################################
<14>Dec 21 22:44:48 ec2: -----BEGIN SSH HOST KEY FINGERPRINTS-----
<14>Dec 21 22:44:48 ec2: 1024 SHA256:dmW0LMLhPiM6lq4xxtcnf/oOMPL1XiIzXfk2djXLuUs root@ubuntu-bionic (DSA)
<14>Dec 21 22:44:48 ec2: 256 SHA256:P5jNVSh13vt2oteAB1RJlIBNtpWOs/aYJR0Zt9K087Q root@ubuntu-bionic (ECDSA)
<14>Dec 21 22:44:48 ec2: 256 SHA256:ehO/KBHp6FzMbc/r8MLSJdRSun/0LzFD3iWFinCPKbM root@ubuntu-bionic (ED25519)
<14>Dec 21 22:44:48 ec2: 2048 SHA256:Tx8G7cLiaB7HdK3sW85/Z1zkKM0KHyfXhltpxfjjENI root@ubuntu-bionic (RSA)
<14>Dec 21 22:44:48 ec2: -----END SSH HOST KEY FINGERPRINTS-----
<14>Dec 21 22:44:48 ec2: #############################################################
-----BEGIN SSH HOST KEY KEYS-----
ecdsa-sha2-nistp256 AAAAE2VjZHNhLXNoYTItbmlzdHAyNTYAAAAIbmlzdHAyNTYAAABBBCf8evkyzDZBmA8oi5nbh5F5Rezbsx3uVmHaOIMaMQwkc4VjRGxCeaoaJ419Aqc+Ez4HcvX4rbNP443MRmM/YPU= root@ubuntu-bionic
ssh-ed25519 AAAAC3NzaC1lZDI1NTE5AAAAIMwAKTIHnkwglnoV3Xud/mkinAdUzRYgMR7qFPcrBaOo root@ubuntu-bionic
ssh-rsa AAAAB3NzaC1yc2EAAAADAQABAAABAQCoUsOfTra/TX828oOzNjafHHwACYW+S33MRWOhxISGvKgpgE6sDq/dRL3MVNPybbhY9ueLmuQggSeu4GJY9sb74ixLdOTzPvYpKkIedu9hAP6ar3tvo2Uy3/V2levTFszjOQ7aqluyEkwHmi/yclTuYxedslRdzmft1BDV5ahcZCg56UDcn3DE+tSpse6wiZMtB3YHhU3rkZRTbmJ+iSzp+vTlxHBxk1b7xNRP+tY4rKgzEtdzK4U9bzFple38QOKCJ8uKxnDTk57w3Fl0Zu+4w4wCR0AIUfhKnSlzj/IiMcJ6XXZYqt9GQnv5UftYSNY0qMU1x3pnM+SH1y6FfMrj root@ubuntu-bionic
-----END SSH HOST KEY KEYS-----
[   60.630500] cloud-init[1660]: Cloud-init v. 20.3-2-g371b392c-0ubuntu1~18.04.1 running 'modules:final' at Mon, 21 Dec 2020 22:44:48 +0000. Up 60.28 seconds.
[   60.630649] cloud-init[1660]: ci-info: no authorized SSH keys fingerprints found for user ubuntu.
[   60.630926] cloud-init[1660]: Cloud-init v. 20.3-2-g371b392c-0ubuntu1~18.04.1 finished at Mon, 21 Dec 2020 22:44:48 +0000. Datasource DataSourceNoCloud [seed=/dev/sdb][dsmode=net].  Up 60.59 seconds
